mode: set
github.com/donskova1ex/magic_potions/internal/processors/ingredients.go:30.101,32.2 1 1
github.com/donskova1ex/magic_potions/internal/processors/ingredients.go:34.90,37.16 2 1
github.com/donskova1ex/magic_potions/internal/processors/ingredients.go:37.16,40.3 2 1
github.com/donskova1ex/magic_potions/internal/processors/ingredients.go:42.2,42.15 1 1
github.com/donskova1ex/magic_potions/internal/processors/ingredients.go:45.105,47.16 2 1
github.com/donskova1ex/magic_potions/internal/processors/ingredients.go:47.16,52.3 2 1
github.com/donskova1ex/magic_potions/internal/processors/ingredients.go:53.2,53.17 1 1
github.com/donskova1ex/magic_potions/internal/processors/ingredients.go:55.86,57.16 2 1
github.com/donskova1ex/magic_potions/internal/processors/ingredients.go:57.16,62.3 2 1
github.com/donskova1ex/magic_potions/internal/processors/ingredients.go:63.2,63.12 1 1
github.com/donskova1ex/magic_potions/internal/processors/ingredients.go:66.126,68.16 2 1
github.com/donskova1ex/magic_potions/internal/processors/ingredients.go:68.16,71.3 2 1
github.com/donskova1ex/magic_potions/internal/processors/ingredients.go:72.2,72.17 1 1
github.com/donskova1ex/magic_potions/internal/processors/ingredients.go:75.120,78.16 2 1
github.com/donskova1ex/magic_potions/internal/processors/ingredients.go:78.16,82.3 2 1
github.com/donskova1ex/magic_potions/internal/processors/ingredients.go:84.2,84.17 1 1
github.com/donskova1ex/magic_potions/internal/processors/potions.go:24.82,29.2 1 0
github.com/donskova1ex/magic_potions/internal/processors/potions.go:31.109,33.16 2 0
github.com/donskova1ex/magic_potions/internal/processors/potions.go:33.16,36.3 2 0
github.com/donskova1ex/magic_potions/internal/processors/potions.go:37.2,37.12 1 0
github.com/donskova1ex/magic_potions/internal/processors/potions.go:40.86,42.16 2 0
github.com/donskova1ex/magic_potions/internal/processors/potions.go:42.16,45.3 2 0
github.com/donskova1ex/magic_potions/internal/processors/potions.go:46.2,46.12 1 0
github.com/donskova1ex/magic_potions/internal/processors/recipes.go:35.81,37.2 1 0
github.com/donskova1ex/magic_potions/internal/processors/recipes.go:39.80,41.16 2 0
github.com/donskova1ex/magic_potions/internal/processors/recipes.go:41.16,45.3 2 0
github.com/donskova1ex/magic_potions/internal/processors/recipes.go:46.2,46.15 1 0
github.com/donskova1ex/magic_potions/internal/processors/recipes.go:49.102,51.16 2 0
github.com/donskova1ex/magic_potions/internal/processors/recipes.go:51.16,55.3 2 0
github.com/donskova1ex/magic_potions/internal/processors/recipes.go:56.2,56.15 1 0
github.com/donskova1ex/magic_potions/internal/processors/recipes.go:58.92,60.16 2 0
github.com/donskova1ex/magic_potions/internal/processors/recipes.go:60.16,65.3 2 0
github.com/donskova1ex/magic_potions/internal/processors/recipes.go:66.2,66.15 1 0
github.com/donskova1ex/magic_potions/internal/processors/recipes.go:69.80,71.16 2 0
github.com/donskova1ex/magic_potions/internal/processors/recipes.go:71.16,76.3 2 0
github.com/donskova1ex/magic_potions/internal/processors/recipes.go:77.2,77.12 1 0
github.com/donskova1ex/magic_potions/internal/processors/recipes.go:80.106,83.16 2 0
github.com/donskova1ex/magic_potions/internal/processors/recipes.go:83.16,87.3 2 0
github.com/donskova1ex/magic_potions/internal/processors/recipes.go:88.2,88.15 1 0
github.com/donskova1ex/magic_potions/internal/processors/recipes.go:92.99,95.53 2 0
github.com/donskova1ex/magic_potions/internal/processors/recipes.go:95.53,102.3 2 0
github.com/donskova1ex/magic_potions/internal/processors/recipes.go:103.2,108.48 3 0
github.com/donskova1ex/magic_potions/internal/processors/recipes.go:108.48,113.3 1 0
github.com/donskova1ex/magic_potions/internal/processors/recipes.go:114.2,117.16 3 0
github.com/donskova1ex/magic_potions/internal/processors/recipes.go:117.16,119.3 1 0
github.com/donskova1ex/magic_potions/internal/processors/recipes.go:121.2,121.12 1 0
github.com/donskova1ex/magic_potions/internal/processors/witches.go:31.80,33.2 1 0
github.com/donskova1ex/magic_potions/internal/processors/witches.go:35.80,37.16 2 0
github.com/donskova1ex/magic_potions/internal/processors/witches.go:37.16,41.3 2 0
github.com/donskova1ex/magic_potions/internal/processors/witches.go:42.2,42.15 1 0
github.com/donskova1ex/magic_potions/internal/processors/witches.go:45.94,47.16 2 0
github.com/donskova1ex/magic_potions/internal/processors/witches.go:47.16,52.3 2 0
github.com/donskova1ex/magic_potions/internal/processors/witches.go:53.2,53.15 1 0
github.com/donskova1ex/magic_potions/internal/processors/witches.go:55.80,57.16 2 0
github.com/donskova1ex/magic_potions/internal/processors/witches.go:57.16,62.3 2 0
github.com/donskova1ex/magic_potions/internal/processors/witches.go:63.2,63.12 1 0
github.com/donskova1ex/magic_potions/internal/processors/witches.go:66.105,68.16 2 0
github.com/donskova1ex/magic_potions/internal/processors/witches.go:68.16,71.3 2 0
github.com/donskova1ex/magic_potions/internal/processors/witches.go:72.2,72.15 1 0
github.com/donskova1ex/magic_potions/internal/processors/witches.go:75.99,78.16 2 0
github.com/donskova1ex/magic_potions/internal/processors/witches.go:78.16,82.3 2 0
github.com/donskova1ex/magic_potions/internal/processors/witches.go:84.2,84.15 1 0
